   2.218  1.360 22.500  0.285  0.459 0.2622E+04 0.2843E+04 0.3036E+00 0.2626E+03 0.2580E+04 0.2539E+04  0  0  0 0.2839E+04 0.0000E+00
   2.218  1.460 22.500  0.347  0.493 0.2774E+04 0.2936E+04 0.8693E-01 0.3399E+03 0.2596E+04 0.2616E+04  0  0  0 0.2942E+04 0.0000E+00
   2.218  1.560 22.500  0.427  0.527 0.3209E+04 0.3209E+04 0.2619E-01 0.4949E+03 0.2714E+04 0.2898E+04  0  0  0 0.3243E+04 0.0000E+00
   2.218  1.660 22.500  0.535  0.561 0.3128E+04 0.3021E+04 0.1041E-01 0.8063E+03 0.2215E+04 0.2482E+04  0  0  0 0.3069E+04 0.0000E+00
   2.218  1.760 22.500  0.691  0.594 0.2911E+04 0.2778E+04 0.3734E-02 0.1406E+04 0.1372E+04 0.1549E+04  0  0  0 0.2828E+04 0.0000E+00
   2.218  1.860 22.500  0.935  0.628 0.3507E+04 0.3050E+04 0.7381E-03 0.2128E+04 0.9219E+03 0.1091E+04  0  0  0 0.3153E+04 0.0000E+00
   2.218  1.960 22.500  1.367  0.662 0.1762E+04 0.1398E+04 0.5450E-04 0.1072E+04 0.3267E+03 0.4158E+03  0  0  0 0.1469E+04 0.0000E+00
   2.218  2.060 22.500  2.346  0.696 0.1901E+03 0.1485E+03 0.7807E-05 0.1485E+03 0.0000E+00 0.0000E+00  0  0  0 0.1565E+03 0.0000E+00
   2.218  1.360 22.600  0.288  0.463 0.2571E+04 0.2786E+04 0.2809E+00 0.2581E+03 0.2527E+04 0.2488E+04  0  0  0 0.2782E+04 0.0000E+00
   2.218  1.460 22.600  0.350  0.497 0.2722E+04 0.2877E+04 0.7951E-01 0.3348E+03 0.2543E+04 0.2565E+04  0  0  0 0.2884E+04 0.0000E+00
   2.218  1.560 22.600  0.430  0.531 0.3138E+04 0.3135E+04 0.2405E-01 0.4883E+03 0.2646E+04 0.2829E+04  0  0  0 0.3168E+04 0.0000E+00
   2.218  1.660 22.600  0.540  0.565 0.3040E+04 0.2936E+04 0.9650E-02 0.7963E+03 0.2139E+04 0.2399E+04  0  0  0 0.2983E+04 0.0000E+00
   2.218  1.760 22.600  0.698  0.600 0.2846E+04 0.2711E+04 0.3415E-02 0.1386E+04 0.1325E+04 0.1498E+04  0  0  0 0.2761E+04 0.0000E+00
   2.218  1.860 22.600  0.943  0.634 0.3405E+04 0.2953E+04 0.6518E-03 0.2070E+04 0.8828E+03 0.1047E+04  0  0  0 0.3055E+04 0.0000E+00
   2.218  1.960 22.600  1.379  0.668 0.1646E+04 0.1306E+04 0.4830E-04 0.1003E+04 0.3032E+03 0.3863E+03  0  0  0 0.1372E+04 0.0000E+00
   2.218  2.060 22.600  2.367  0.702 0.1769E+03 0.1382E+03 0.6364E-05 0.1382E+03 0.0000E+00 0.0000E+00  0  0  0 0.1457E+03 0.0000E+00
   2.218  1.360 22.700  0.290  0.467 0.2521E+04 0.2730E+04 0.2597E+00 0.2538E+03 0.2476E+04 0.2439E+04  0  0  0 0.2727E+04 0.0000E+00
   2.218  1.460 22.700  0.353  0.502 0.2671E+04 0.2820E+04 0.7271E-01 0.3298E+03 0.2490E+04 0.2516E+04  0  0  0 0.2827E+04 0.0000E+00
   2.218  1.560 22.700  0.434  0.536 0.3069E+04 0.3062E+04 0.2212E-01 0.4819E+03 0.2580E+04 0.2761E+04  0  0  0 0.3095E+04 0.0000E+00
   2.218  1.660 22.700  0.545  0.570 0.2956E+04 0.2853E+04 0.8956E-02 0.7865E+03 0.2067E+04 0.2318E+04  0  0  0 0.2899E+04 0.0000E+00
   2.218  1.760 22.700  0.704  0.605 0.2783E+04 0.2646E+04 0.3123E-02 0.1366E+04 0.1280E+04 0.1448E+04  0  0  0 0.2695E+04 0.0000E+00
   2.218  1.860 22.700  0.951  0.639 0.3302E+04 0.2857E+04 0.5752E-03 0.2013E+04 0.8441E+03 0.1002E+04  0  0  0 0.2956E+04 0.0000E+00
   2.218  1.960 22.700  1.391  0.673 0.1538E+04 0.1218E+04 0.4350E-04 0.9375E+03 0.2810E+03 0.3586E+03  0  0  0 0.1281E+04 0.0000E+00
   2.218  2.060 22.700  2.387  0.708 0.1647E+03 0.1287E+03 0.5184E-05 0.1287E+03 0.0000E+00 0.0000E+00  0  0  0 0.1356E+03 0.0000E+00
   2.218  1.360 22.800  0.293  0.471 0.2472E+04 0.2675E+04 0.2401E+00 0.2496E+03 0.2425E+04 0.2390E+04  0  0  0 0.2672E+04 0.0000E+00
   2.218  1.460 22.800  0.356  0.506 0.2622E+04 0.2764E+04 0.6649E-01 0.3249E+03 0.2439E+04 0.2467E+04  0  0  0 0.2771E+04 0.0000E+00
   2.218  1.560 22.800  0.438  0.541 0.3001E+04 0.2990E+04 0.2037E-01 0.4756E+03 0.2514E+04 0.2695E+04  0  0  0 0.3024E+04 0.0000E+00
   2.218  1.660 22.800  0.549  0.575 0.2871E+04 0.2772E+04 0.8319E-02 0.7769E+03 0.1995E+04 0.2239E+04  0  0  0 0.2817E+04 0.0000E+00
   2.218  1.760 22.800  0.710  0.610 0.2719E+04 0.2582E+04 0.2855E-02 0.1346E+04 0.1235E+04 0.1398E+04  0  0  0 0.2630E+04 0.0000E+00
   2.218  1.860 22.800  0.960  0.645 0.3202E+04 0.2763E+04 0.5074E-03 0.1956E+04 0.8072E+03 0.9603E+03  0  0  0 0.2860E+04 0.0000E+00
   2.218  1.960 22.800  1.403  0.679 0.1435E+04 0.1136E+04 0.3979E-04 0.8763E+03 0.2601E+03 0.3324E+03  0  0  0 0.1195E+04 0.0000E+00
   2.218  2.060 22.800  2.408  0.714 0.1533E+03 0.1199E+03 0.4222E-05 0.1199E+03 0.0000E+00 0.0000E+00  0  0  0 0.1263E+03 0.0000E+00
   2.218  1.360 22.900  0.295  0.475 0.2425E+04 0.2621E+04 0.2218E+00 0.2455E+03 0.2376E+04 0.2343E+04  0  0  0 0.2619E+04 0.0000E+00
   2.218  1.460 22.900  0.359  0.510 0.2573E+04 0.2709E+04 0.6080E-01 0.3201E+03 0.2388E+04 0.2419E+04  0  0  0 0.2716E+04 0.0000E+00
   2.218  1.560 22.900  0.442  0.545 0.2934E+04 0.2920E+04 0.1878E-01 0.4695E+03 0.2450E+04 0.2629E+04  0  0  0 0.2953E+04 0.0000E+00
   2.218  1.660 22.900  0.554  0.580 0.2792E+04 0.2694E+04 0.7734E-02 0.7674E+03 0.1926E+04 0.2163E+04  0  0  0 0.2738E+04 0.0000E+00
   2.218  1.760 22.900  0.716  0.615 0.2659E+04 0.2520E+04 0.2610E-02 0.1327E+04 0.1193E+04 0.1351E+04  0  0  0 0.2569E+04 0.0000E+00
   2.218  1.860 22.900  0.968  0.650 0.3102E+04 0.2670E+04 0.4474E-03 0.1899E+04 0.7714E+03 0.9194E+03  0  0  0 0.2766E+04 0.0000E+00
   2.218  1.960 22.900  1.415  0.685 0.1339E+04 0.1059E+04 0.3687E-04 0.8187E+03 0.2407E+03 0.3080E+03  0  0  0 0.1114E+04 0.0000E+00
   2.218  2.060 22.900  2.429  0.720 0.1428E+03 0.1116E+03 0.3438E-05 0.1116E+03 0.0000E+00 0.0000E+00  0  0  0 0.1176E+03 0.0000E+00
   2.218  1.360 23.000  0.298  0.480 0.2378E+04 0.2569E+04 0.2048E+00 0.2414E+03 0.2327E+04 0.2297E+04  0  0  0 0.2567E+04 0.0000E+00
   2.218  1.460 23.000  0.362  0.515 0.2525E+04 0.2655E+04 0.5560E-01 0.3155E+03 0.2339E+04 0.2372E+04  0  0  0 0.2663E+04 0.0000E+00
   2.218  1.560 23.000  0.446  0.550 0.2869E+04 0.2851E+04 0.1735E-01 0.4634E+03 0.2387E+04 0.2565E+04  0  0  0 0.2884E+04 0.0000E+00
   2.218  1.660 23.000  0.559  0.585 0.2712E+04 0.2617E+04 0.7195E-02 0.7581E+03 0.1859E+04 0.2088E+04  0  0  0 0.2660E+04 0.0000E+00
   2.218  1.760 23.000  0.722  0.621 0.2598E+04 0.2459E+04 0.2386E-02 0.1308E+04 0.1151E+04 0.1305E+04  0  0  0 0.2507E+04 0.0000E+00
   2.218  1.860 23.000  0.976  0.656 0.3003E+04 0.2578E+04 0.3944E-03 0.1842E+04 0.7361E+03 0.8787E+03  0  0  0 0.2672E+04 0.0000E+00
   2.218  1.960 23.000  1.428  0.691 0.1248E+04 0.9871E+03 0.3442E-04 0.7647E+03 0.2224E+03 0.2850E+03  0  0  0 0.1038E+04 0.0000E+00
   2.218  2.060 23.000  2.450  0.726 0.1330E+03 0.1040E+03 0.2799E-05 0.1040E+03 0.0000E+00 0.0000E+00  0  0  0 0.1096E+03 0.0000E+00
   2.218  1.360 23.100  0.300  0.484 0.2332E+04 0.2518E+04 0.1890E+00 0.2375E+03 0.2280E+04 0.2251E+04  0  0  0 0.2516E+04 0.0000E+00
   2.218  1.460 23.100  0.365  0.519 0.2478E+04 0.2602E+04 0.5086E-01 0.3109E+03 0.2291E+04 0.2325E+04  0  0  0 0.2610E+04 0.0000E+00
   2.218  1.560 23.100  0.449  0.555 0.2803E+04 0.2783E+04 0.1604E-01 0.4575E+03 0.2326E+04 0.2502E+04  0  0  0 0.2816E+04 0.0000E+00
   2.218  1.660 23.100  0.564  0.590 0.2637E+04 0.2544E+04 0.6698E-02 0.7489E+03 0.1795E+04 0.2017E+04  0  0  0 0.2586E+04 0.0000E+00
   2.218  1.760 23.100  0.728  0.626 0.2542E+04 0.2401E+04 0.2180E-02 0.1289E+04 0.1112E+04 0.1262E+04  0  0  0 0.2448E+04 0.0000E+00
   2.218  1.860 23.100  0.985  0.662 0.2906E+04 0.2489E+04 0.3476E-03 0.1786E+04 0.7024E+03 0.8401E+03  0  0  0 0.2580E+04 0.0000E+00
   2.218  1.960 23.100  1.440  0.697 0.1163E+04 0.9193E+03 0.3160E-04 0.7140E+03 0.2053E+03 0.2635E+03  0  0  0 0.9668E+03 0.0000E+00
   2.218  2.060 23.100  2.471  0.733 0.1239E+03 0.9693E+02 0.2280E-05 0.9693E+02 0.0000E+00 0.0000E+00  0  0  0 0.1021E+03 0.0000E+00
   2.218  1.360 23.200  0.303  0.488 0.2287E+04 0.2467E+04 0.1744E+00 0.2336E+03 0.2234E+04 0.2207E+04  0  0  0 0.2466E+04 0.0000E+00
   2.218  1.460 23.200  0.368  0.524 0.2432E+04 0.2550E+04 0.4653E-01 0.3065E+03 0.2243E+04 0.2280E+04  0  0  0 0.2559E+04 0.0000E+00
   2.218  1.560 23.200  0.453  0.560 0.2740E+04 0.2717E+04 0.1486E-01 0.4517E+03 0.2265E+04 0.2440E+04  0  0  0 0.2750E+04 0.0000E+00
   2.218  1.660 23.200  0.569  0.595 0.2564E+04 0.2473E+04 0.6239E-02 0.7398E+03 0.1734E+04 0.1948E+04  0  0  0 0.2514E+04 0.0000E+00
   2.218  1.760 23.200  0.735  0.631 0.2486E+04 0.2344E+04 0.1991E-02 0.1270E+04 0.1075E+04 0.1220E+04  0  0  0 0.2391E+04 0.0000E+00
   2.218  1.860 23.200  0.993  0.667 0.2810E+04 0.2400E+04 0.3064E-03 0.1730E+04 0.6693E+03 0.8018E+03  0  0  0 0.2489E+04 0.0000E+00
   2.218  1.960 23.200  1.452  0.703 0.1084E+04 0.8557E+03 0.2283E-04 0.6664E+03 0.1894E+03 0.2434E+03  0  0  0 0.9001E+03 0.0000E+00
   2.218  2.060 23.200  2.492  0.739 0.1155E+03 0.9034E+02 0.1859E-05 0.9034E+02 0.0000E+00 0.0000E+00  0  0  0 0.9518E+02 0.0000E+00
   2.218  1.360 23.300  0.306  0.492 0.2244E+04 0.2418E+04 0.1608E+00 0.2298E+03 0.2188E+04 0.2163E+04  0  0  0 0.2417E+04 0.0000E+00
   2.218  1.460 23.300  0.371  0.528 0.2387E+04 0.2499E+04 0.4258E-01 0.3021E+03 0.2197E+04 0.2236E+04  0  0  0 0.2508E+04 0.0000E+00
   2.218  1.560 23.300  0.457  0.564 0.2678E+04 0.2652E+04 0.1378E-01 0.4460E+03 0.2206E+04 0.2380E+04  0  0  0 0.2685E+04 0.0000E+00
   2.218  1.660 23.300  0.574  0.601 0.2492E+04 0.2404E+04 0.5814E-02 0.7309E+03 0.1673E+04 0.1880E+04  0  0  0 0.2443E+04 0.0000E+00
   2.218  1.760 23.300  0.741  0.637 0.2431E+04 0.2288E+04 0.1818E-02 0.1251E+04 0.1037E+04 0.1178E+04  0  0  0 0.2334E+04 0.0000E+00
   2.218  1.860 23.300  1.002  0.673 0.2715E+04 0.2313E+04 0.2701E-03 0.1675E+04 0.6378E+03 0.7655E+03  0  0  0 0.2400E+04 0.0000E+00
   2.218  1.960 23.300  1.465  0.709 0.1009E+04 0.7963E+03 0.1897E-04 0.6218E+03 0.1745E+03 0.2245E+03  0  0  0 0.8377E+03 0.0000E+00
   2.218  2.060 23.300  2.514  0.745 0.1076E+03 0.8422E+02 0.1516E-05 0.8422E+02 0.0000E+00 0.0000E+00  0  0  0 0.8872E+02 0.0000E+00
   2.218  1.360 23.400  0.308  0.496 0.2201E+04 0.2370E+04 0.1482E+00 0.2262E+03 0.2144E+04 0.2121E+04  0  0  0 0.2370E+04 0.0000E+00
   2.218  1.460 23.400  0.374  0.533 0.2343E+04 0.2449E+04 0.3897E-01 0.2978E+03 0.2151E+04 0.2192E+04  0  0  0 0.2459E+04 0.0000E+00
   2.218  1.560 23.400  0.461  0.569 0.2616E+04 0.2588E+04 0.1280E-01 0.4404E+03 0.2148E+04 0.2320E+04  0  0  0 0.2620E+04 0.0000E+00
   2.218  1.660 23.400  0.578  0.606 0.2424E+04 0.2337E+04 0.5420E-02 0.7221E+03 0.1615E+04 0.1816E+04  0  0  0 0.2376E+04 0.0000E+00
   2.218  1.760 23.400  0.747  0.642 0.2378E+04 0.2234E+04 0.1659E-02 0.1232E+04 0.1002E+04 0.1139E+04  0  0  0 0.2280E+04 0.0000E+00
   2.218  1.860 23.400  1.010  0.679 0.2621E+04 0.2228E+04 0.2382E-03 0.1620E+04 0.6073E+03 0.7302E+03  0  0  0 0.2312E+04 0.0000E+00
   2.218  1.960 23.400  1.477  0.715 0.9389E+03 0.7406E+03 0.1581E-04 0.5801E+03 0.1606E+03 0.2069E+03  0  0  0 0.7792E+03 0.0000E+00
   2.218  2.060 23.400  2.535  0.752 0.1004E+03 0.7853E+02 0.1238E-05 0.7853E+02 0.0000E+00 0.0000E+00  0  0  0 0.8273E+02 0.0000E+00
   2.218  1.360 23.500  0.311  0.500 0.2159E+04 0.2323E+04 0.1365E+00 0.2226E+03 0.2100E+04 0.2079E+04  0  0  0 0.2323E+04 0.0000E+00
   2.218  1.460 23.500  0.378  0.537 0.2299E+04 0.2400E+04 0.3570E-01 0.2936E+03 0.2106E+04 0.2149E+04  0  0  0 0.2410E+04 0.0000E+00
   2.218  1.560 23.500  0.465  0.574 0.2556E+04 0.2526E+04 0.1191E-01 0.4349E+03 0.2091E+04 0.2261E+04  0  0  0 0.2558E+04 0.0000E+00
   2.218  1.660 23.500  0.583  0.611 0.2356E+04 0.2272E+04 0.5055E-02 0.7134E+03 0.1558E+04 0.1752E+04  0  0  0 0.2309E+04 0.0000E+00
   2.218  1.760 23.500  0.753  0.648 0.2325E+04 0.2180E+04 0.1513E-02 0.1213E+04 0.9667E+03 0.1100E+04  0  0  0 0.2226E+04 0.0000E+00
   2.218  1.860 23.500  1.019  0.684 0.2528E+04 0.2144E+04 0.2103E-03 0.1566E+04 0.5775E+03 0.6954E+03  0  0  0 0.2226E+04 0.0000E+00
   2.218  1.960 23.500  1.489  0.721 0.8734E+03 0.6886E+03 0.1316E-04 0.5410E+03 0.1476E+03 0.1906E+03  0  0  0 0.7245E+03 0.0000E+00
   2.218  2.060 23.500  2.556  0.758 0.9357E+02 0.7324E+02 0.1013E-05 0.7324E+02 0.0000E+00 0.0000E+00  0  0  0 0.7715E+02 0.0000E+00
   2.218  1.360 23.600  0.313  0.505 0.2118E+04 0.2277E+04 0.1258E+00 0.2190E+03 0.2058E+04 0.2038E+04  0  0  0 0.2277E+04 0.0000E+00
   2.218  1.460 23.600  0.381  0.542 0.2256E+04 0.2352E+04 0.3271E-01 0.2895E+03 0.2063E+04 0.2107E+04  0  0  0 0.2363E+04 0.0000E+00
   2.218  1.560 23.600  0.469  0.579 0.2496E+04 0.2465E+04 0.1110E-01 0.4295E+03 0.2035E+04 0.2203E+04  0  0  0 0.2496E+04 0.0000E+00
   2.218  1.660 23.600  0.588  0.616 0.2292E+04 0.2209E+04 0.4716E-02 0.7049E+03 0.1504E+04 0.1692E+04  0  0  0 0.2246E+04 0.0000E+00
   2.218  1.760 23.600  0.760  0.653 0.2275E+04 0.2128E+04 0.1380E-02 0.1195E+04 0.9336E+03 0.1064E+04  0  0  0 0.2174E+04 0.0000E+00
   2.218  1.860 23.600  1.027  0.690 0.2437E+04 0.2061E+04 0.1857E-03 0.1512E+04 0.5491E+03 0.6624E+03  0  0  0 0.2142E+04 0.0000E+00
   2.218  1.960 23.600  1.502  0.727 0.8122E+03 0.6401E+03 0.1094E-04 0.5045E+03 0.1356E+03 0.1753E+03  0  0  0 0.6735E+03 0.0000E+00
   2.218  2.060 23.600  2.578  0.764 0.8727E+02 0.6832E+02 0.8297E-06 0.6832E+02 0.0000E+00 0.0000E+00  0  0  0 0.7197E+02 0.0000E+00
   2.218  1.360 23.700  0.316  0.509 0.2077E+04 0.2232E+04 0.1158E+00 0.2156E+03 0.2016E+04 0.1998E+04  0  0  0 0.2233E+04 0.0000E+00
   2.218  1.460 23.700  0.384  0.546 0.2214E+04 0.2305E+04 0.2999E-01 0.2855E+03 0.2019E+04 0.2066E+04  0  0  0 0.2316E+04 0.0000E+00
   2.218  1.560 23.700  0.473  0.584 0.2438E+04 0.2405E+04 0.1036E-01 0.4242E+03 0.1981E+04 0.2147E+04  0  0  0 0.2436E+04 0.0000E+00
   2.218  1.660 23.700  0.593  0.621 0.2228E+04 0.2148E+04 0.4400E-02 0.6965E+03 0.1451E+04 0.1633E+04  0  0  0 0.2183E+04 0.0000E+00
   2.218  1.760 23.700  0.766  0.658 0.2226E+04 0.2078E+04 0.1258E-02 0.1176E+04 0.9016E+03 0.1029E+04  0  0  0 0.2123E+04 0.0000E+00
   2.218  1.860 23.700  1.036  0.696 0.2348E+04 0.1981E+04 0.1643E-03 0.1459E+04 0.5216E+03 0.6303E+03  0  0  0 0.2059E+04 0.0000E+00
   2.218  1.960 23.700  1.515  0.733 0.7550E+03 0.5947E+03 0.9080E-05 0.4703E+03 0.1244E+03 0.1610E+03  0  0  0 0.6258E+03 0.0000E+00
   2.218  2.060 23.700  2.599  0.771 0.8141E+02 0.6375E+02 0.6806E-06 0.6375E+02 0.0000E+00 0.0000E+00  0  0  0 0.6715E+02 0.0000E+00
   2.218  1.360 23.800  0.319  0.513 0.2038E+04 0.2188E+04 0.1065E+00 0.2122E+03 0.1976E+04 0.1959E+04  0  0  0 0.2189E+04 0.0000E+00
   2.218  1.460 23.800  0.387  0.551 0.2173E+04 0.2259E+04 0.2753E-01 0.2816E+03 0.1977E+04 0.2025E+04  0  0  0 0.2270E+04 0.0000E+00
   2.218  1.560 23.800  0.477  0.588 0.2382E+04 0.2347E+04 0.9683E-02 0.4190E+03 0.1928E+04 0.2091E+04  0  0  0 0.2377E+04 0.0000E+00
   2.218  1.660 23.800  0.598  0.626 0.2168E+04 0.2089E+04 0.4106E-02 0.6882E+03 0.1401E+04 0.1577E+04  0  0  0 0.2124E+04 0.0000E+00
   2.218  1.760 23.800  0.773  0.664 0.2176E+04 0.2028E+04 0.1145E-02 0.1158E+04 0.8698E+03 0.9935E+03  0  0  0 0.2073E+04 0.0000E+00
   2.218  1.860 23.800  1.044  0.702 0.2259E+04 0.1902E+04 0.1455E-03 0.1407E+04 0.4949E+03 0.5990E+03  0  0  0 0.1977E+04 0.0000E+00
   2.218  1.960 23.800  1.527  0.739 0.7016E+03 0.5524E+03 0.7521E-05 0.4384E+03 0.1140E+03 0.1478E+03  0  0  0 0.5814E+03 0.0000E+00
   2.218  2.060 23.800  2.621  0.777 0.7596E+02 0.5949E+02 0.5538E-06 0.5949E+02 0.0000E+00 0.0000E+00  0  0  0 0.6266E+02 0.0000E+00
   2.218  1.360 23.900  0.321  0.517 0.1999E+04 0.2145E+04 0.9801E-01 0.2089E+03 0.1936E+04 0.1921E+04  0  0  0 0.2146E+04 0.0000E+00
   2.218  1.460 23.900  0.390  0.555 0.2132E+04 0.2213E+04 0.2528E-01 0.2777E+03 0.1936E+04 0.1985E+04  0  0  0 0.2225E+04 0.0000E+00
   2.218  1.560 23.900  0.481  0.593 0.2325E+04 0.2289E+04 0.9062E-02 0.4140E+03 0.1875E+04 0.2037E+04  0  0  0 0.2319E+04 0.0000E+00
   2.218  1.660 23.900  0.603  0.631 0.2109E+04 0.2032E+04 0.3832E-02 0.6800E+03 0.1352E+04 0.1522E+04  0  0  0 0.2066E+04 0.0000E+00
   2.218  1.760 23.900  0.779  0.669 0.2129E+04 0.1980E+04 0.1043E-02 0.1140E+04 0.8397E+03 0.9604E+03  0  0  0 0.2024E+04 0.0000E+00
   2.218  1.860 23.900  1.053  0.707 0.2172E+04 0.1825E+04 0.1290E-03 0.1355E+04 0.4695E+03 0.5692E+03  0  0  0 0.1898E+04 0.0000E+00
   2.218  1.960 23.900  1.540  0.746 0.6518E+03 0.5130E+03 0.6218E-05 0.4086E+03 0.1044E+03 0.1355E+03  0  0  0 0.5399E+03 0.0000E+00
   2.218  2.060 23.900  2.643  0.784 0.7089E+02 0.5553E+02 0.4594E-06 0.5553E+02 0.0000E+00 0.0000E+00  0  0  0 0.5849E+02 0.0000E+00
   2.218  1.360 24.000  0.324  0.522 0.1962E+04 0.2102E+04 0.9014E-01 0.2057E+03 0.1897E+04 0.1884E+04  0  0  0 0.2104E+04 0.0000E+00
   2.218  1.460 24.000  0.394  0.560 0.2093E+04 0.2169E+04 0.2324E-01 0.2740E+03 0.1895E+04 0.1946E+04  0  0  0 0.2181E+04 0.0000E+00
   2.218  1.560 24.000  0.485  0.598 0.2270E+04 0.2233E+04 0.8493E-02 0.4090E+03 0.1824E+04 0.1983E+04  0  0  0 0.2263E+04 0.0000E+00
   2.218  1.660 24.000  0.608  0.637 0.2052E+04 0.1976E+04 0.3576E-02 0.6719E+03 0.1304E+04 0.1469E+04  0  0  0 0.2009E+04 0.0000E+00
   2.218  1.760 24.000  0.785  0.675 0.2082E+04 0.1932E+04 0.9485E-03 0.1122E+04 0.8099E+03 0.9272E+03  0  0  0 0.1976E+04 0.0000E+00
   2.218  1.860 24.000  1.062  0.713 0.2087E+04 0.1749E+04 0.1146E-03 0.1304E+04 0.4447E+03 0.5400E+03  0  0  0 0.1820E+04 0.0000E+00
   2.218  1.960 24.000  1.553  0.752 0.6053E+03 0.4762E+03 0.5130E-05 0.3808E+03 0.9547E+02 0.1241E+03  0  0  0 0.5013E+03 0.0000E+00
   2.218  2.060 24.000  2.665  0.790 0.6618E+02 0.5185E+02 0.3775E-06 0.5185E+02 0.0000E+00 0.0000E+00  0  0  0 0.5461E+02 0.0000E+00
   2.218  1.360 24.100  0.327  0.526 0.1925E+04 0.2061E+04 0.8287E-01 0.2026E+03 0.1858E+04 0.1847E+04  0  0  0 0.2063E+04 0.0000E+00
   2.218  1.460 24.100  0.397  0.565 0.2053E+04 0.2125E+04 0.2139E-01 0.2703E+03 0.1855E+04 0.1907E+04  0  0  0 0.2138E+04 0.0000E+00
   2.218  1.560 24.100  0.489  0.603 0.2216E+04 0.2178E+04 0.7970E-02 0.4040E+03 0.1774E+04 0.1931E+04  0  0  0 0.2207E+04 0.0000E+00
   2.218  1.660 24.100  0.613  0.642 0.1997E+04 0.1923E+04 0.3336E-02 0.6639E+03 0.1259E+04 0.1418E+04  0  0  0 0.1955E+04 0.0000E+00
   2.218  1.760 24.100  0.792  0.681 0.2037E+04 0.1886E+04 0.8624E-03 0.1104E+04 0.7816E+03 0.8961E+03  0  0  0 0.1930E+04 0.0000E+00
   2.218  1.860 24.100  1.071  0.719 0.2003E+04 0.1675E+04 0.1020E-03 0.1254E+04 0.4212E+03 0.5123E+03  0  0  0 0.1744E+04 0.0000E+00
   2.218  1.960 24.100  1.565  0.758 0.5620E+03 0.4420E+03 0.4224E-05 0.3548E+03 0.8722E+02 0.1136E+03  0  0  0 0.4653E+03 0.0000E+00
   2.218  2.060 24.100  2.686  0.797 0.6179E+02 0.4842E+02 0.3097E-06 0.4842E+02 0.0000E+00 0.0000E+00  0  0  0 0.5099E+02 0.0000E+00
   2.218  1.360 24.200  0.329  0.530 0.1888E+04 0.2021E+04 0.7617E-01 0.1995E+03 0.1821E+04 0.1811E+04  0  0  0 0.2023E+04 0.0000E+00
   2.218  1.460 24.200  0.400  0.569 0.2015E+04 0.2083E+04 0.1971E-01 0.2666E+03 0.1816E+04 0.1870E+04  0  0  0 0.2095E+04 0.0000E+00
   2.218  1.560 24.200  0.493  0.608 0.2163E+04 0.2124E+04 0.7488E-02 0.3992E+03 0.1725E+04 0.1880E+04  0  0  0 0.2153E+04 0.0000E+00
   2.218  1.660 24.200  0.618  0.647 0.1943E+04 0.1870E+04 0.3112E-02 0.6560E+03 0.1214E+04 0.1368E+04  0  0  0 0.1902E+04 0.0000E+00
   2.218  1.760 24.200  0.798  0.686 0.1992E+04 0.1840E+04 0.7836E-03 0.1086E+04 0.7541E+03 0.8658E+03  0  0  0 0.1884E+04 0.0000E+00
   2.218  1.860 24.200  1.079  0.725 0.1921E+04 0.1603E+04 0.9089E-04 0.1204E+04 0.3986E+03 0.4856E+03  0  0  0 0.1669E+04 0.0000E+00
   2.218  1.960 24.200  1.578  0.764 0.5217E+03 0.4102E+03 0.3470E-05 0.3306E+03 0.7959E+02 0.1038E+03  0  0  0 0.4318E+03 0.0000E+00
   2.218  2.060 24.200  2.708  0.803 0.5770E+02 0.4523E+02 0.2533E-06 0.4523E+02 0.0000E+00 0.0000E+00  0  0  0 0.4763E+02 0.0000E+00
   2.218  1.360 24.300  0.332  0.535 0.1853E+04 0.1981E+04 0.7000E-01 0.1965E+03 0.1784E+04 0.1776E+04  0  0  0 0.1983E+04 0.0000E+00
   2.218  1.460 24.300  0.403  0.574 0.1977E+04 0.2041E+04 0.1818E-01 0.2631E+03 0.1777E+04 0.1832E+04  0  0  0 0.2053E+04 0.0000E+00
   2.218  1.560 24.300  0.497  0.613 0.2112E+04 0.2071E+04 0.7043E-02 0.3945E+03 0.1677E+04 0.1829E+04  0  0  0 0.2100E+04 0.0000E+00
   2.218  1.660 24.300  0.623  0.652 0.1892E+04 0.1820E+04 0.2903E-02 0.6482E+03 0.1172E+04 0.1321E+04  0  0  0 0.1851E+04 0.0000E+00
   2.218  1.760 24.300  0.805  0.692 0.1948E+04 0.1795E+04 0.7117E-03 0.1068E+04 0.7270E+03 0.8357E+03  0  0  0 0.1838E+04 0.0000E+00
   2.218  1.860 24.300  1.088  0.731 0.1840E+04 0.1533E+04 0.8090E-04 0.1156E+04 0.3767E+03 0.4596E+03  0  0  0 0.1597E+04 0.0000E+00
   2.218  1.960 24.300  1.591  0.770 0.4841E+03 0.3805E+03 0.2844E-05 0.3080E+03 0.7254E+02 0.9476E+02  0  0  0 0.4006E+03 0.0000E+00
   2.218  2.060 24.300  2.731  0.810 0.5389E+02 0.4225E+02 0.2059E-06 0.4225E+02 0.0000E+00 0.0000E+00  0  0  0 0.4449E+02 0.0000E+00
   2.218  1.360 24.400  0.335  0.539 0.1818E+04 0.1942E+04 0.6431E-01 0.1935E+03 0.1749E+04 0.1741E+04  0  0  0 0.1945E+04 0.0000E+00
   2.218  1.460 24.400  0.407  0.578 0.1940E+04 0.1999E+04 0.1679E-01 0.2596E+03 0.1740E+04 0.1796E+04  0  0  0 0.2012E+04 0.0000E+00
   2.218  1.560 24.400  0.501  0.618 0.2061E+04 0.2020E+04 0.6631E-02 0.3898E+03 0.1630E+04 0.1780E+04  0  0  0 0.2048E+04 0.0000E+00
   2.218  1.660 24.400  0.628  0.658 0.1842E+04 0.1772E+04 0.2707E-02 0.6405E+03 0.1131E+04 0.1276E+04  0  0  0 0.1802E+04 0.0000E+00
   2.218  1.760 24.400  0.811  0.697 0.1905E+04 0.1752E+04 0.6459E-03 0.1051E+04 0.7011E+03 0.8071E+03  0  0  0 0.1794E+04 0.0000E+00
   2.218  1.860 24.400  1.097  0.737 0.1762E+04 0.1464E+04 0.6892E-04 0.1108E+04 0.3559E+03 0.4349E+03  0  0  0 0.1526E+04 0.0000E+00
   2.218  1.960 24.400  1.604  0.777 0.4492E+03 0.3530E+03 0.2326E-05 0.2869E+03 0.6605E+02 0.8642E+02  0  0  0 0.3716E+03 0.0000E+00
   2.218  2.060 24.400  2.753  0.816 0.5035E+02 0.3948E+02 0.1657E-06 0.3948E+02 0.0000E+00 0.0000E+00  0  0  0 0.4157E+02 0.0000E+00
   2.218  1.360 24.500  0.337  0.543 0.1784E+04 0.1904E+04 0.5908E-01 0.1907E+03 0.1714E+04 0.1708E+04  0  0  0 0.1907E+04 0.0000E+00
   2.218  1.460 24.500  0.410  0.583 0.1903E+04 0.1959E+04 0.1554E-01 0.2562E+03 0.1703E+04 0.1760E+04  0  0  0 0.1972E+04 0.0000E+00
   2.218  1.560 24.500  0.505  0.623 0.2011E+04 0.1969E+04 0.6249E-02 0.3852E+03 0.1584E+04 0.1731E+04  0  0  0 0.1997E+04 0.0000E+00
   2.218  1.660 24.500  0.633  0.663 0.1793E+04 0.1724E+04 0.2523E-02 0.6329E+03 0.1091E+04 0.1231E+04  0  0  0 0.1754E+04 0.0000E+00
   2.218  1.760 24.500  0.818  0.703 0.1862E+04 0.1708E+04 0.5859E-03 0.1033E+04 0.6755E+03 0.7786E+03  0  0  0 0.1751E+04 0.0000E+00
   2.218  1.860 24.500  1.106  0.743 0.1685E+04 0.1397E+04 0.5954E-04 0.1062E+04 0.3359E+03 0.4112E+03  0  0  0 0.1457E+04 0.0000E+00
   2.218  1.960 24.500  1.617  0.783 0.4167E+03 0.3274E+03 0.1897E-05 0.2673E+03 0.6007E+02 0.7872E+02  0  0  0 0.3447E+03 0.0000E+00
   2.218  2.060 24.500  2.775  0.823 0.4705E+02 0.3690E+02 0.1315E-06 0.3690E+02 0.0000E+00 0.0000E+00  0  0  0 0.3885E+02 0.0000E+00
   2.218  1.360 24.600  0.340  0.548 0.1751E+04 0.1867E+04 0.5427E-01 0.1878E+03 0.1679E+04 0.1675E+04  0  0  0 0.1870E+04 0.0000E+00
   2.218  1.460 24.600  0.413  0.588 0.1867E+04 0.1919E+04 0.1439E-01 0.2529E+03 0.1666E+04 0.1724E+04  0  0  0 0.1932E+04 0.0000E+00
   2.218  1.560 24.600  0.509  0.628 0.1962E+04 0.1920E+04 0.5894E-02 0.3807E+03 0.1539E+04 0.1684E+04  0  0  0 0.1947E+04 0.0000E+00
   2.218  1.660 24.600  0.638  0.668 0.1747E+04 0.1679E+04 0.2351E-02 0.6254E+03 0.1053E+04 0.1188E+04  0  0  0 0.1708E+04 0.0000E+00
   2.218  1.760 24.600  0.824  0.709 0.1821E+04 0.1666E+04 0.5312E-03 0.1015E+04 0.6511E+03 0.7517E+03  0  0  0 0.1708E+04 0.0000E+00
   2.218  1.860 24.600  1.115  0.749 0.1610E+04 0.1333E+04 0.5156E-04 0.1016E+04 0.3167E+03 0.3883E+03  0  0  0 0.1390E+04 0.0000E+00
   2.218  1.960 24.600  1.630  0.789 0.3865E+03 0.3036E+03 0.1544E-05 0.2490E+03 0.5456E+02 0.7161E+02  0  0  0 0.3197E+03 0.0000E+00
   2.218  2.060 24.600  2.797  0.829 0.4398E+02 0.3449E+02 0.1047E-06 0.3449E+02 0.0000E+00 0.0000E+00  0  0  0 0.3632E+02 0.0000E+00
   2.218  1.360 24.700  0.343  0.552 0.1718E+04 0.1831E+04 0.4985E-01 0.1851E+03 0.1646E+04 0.1642E+04  0  0  0 0.1834E+04 0.0000E+00
   2.218  1.460 24.700  0.417  0.593 0.1831E+04 0.1880E+04 0.1336E-01 0.2496E+03 0.1630E+04 0.1690E+04  0  0  0 0.1893E+04 0.0000E+00
   2.218  1.560 24.700  0.513  0.633 0.1914E+04 0.1871E+04 0.5563E-02 0.3763E+03 0.1495E+04 0.1638E+04  0  0  0 0.1899E+04 0.0000E+00
   2.218  1.660 24.700  0.643  0.674 0.1701E+04 0.1634E+04 0.2190E-02 0.6180E+03 0.1016E+04 0.1147E+04  0  0  0 0.1663E+04 0.0000E+00
   2.218  1.760 24.700  0.831  0.714 0.1780E+04 0.1625E+04 0.4814E-03 0.9977E+03 0.6274E+03 0.7253E+03  0  0  0 0.1667E+04 0.0000E+00
   2.218  1.860 24.700  1.124  0.755 0.1537E+04 0.1270E+04 0.4460E-04 0.9713E+03 0.2985E+03 0.3665E+03  0  0  0 0.1325E+04 0.0000E+00
   2.218  1.960 24.700  1.643  0.795 0.3584E+03 0.2815E+03 0.1253E-05 0.2320E+03 0.4951E+02 0.6509E+02  0  0  0 0.2964E+03 0.0000E+00
   2.218  2.060 24.700  2.820  0.836 0.4111E+02 0.3225E+02 0.8385E-07 0.3225E+02 0.0000E+00 0.0000E+00  0  0  0 0.3396E+02 0.0000E+00
   2.218  1.360 24.800  0.346  0.556 0.1686E+04 0.1795E+04 0.4579E-01 0.1824E+03 0.1613E+04 0.1611E+04  0  0  0 0.1799E+04 0.0000E+00
   2.218  1.460 24.800  0.420  0.597 0.1797E+04 0.1842E+04 0.1241E-01 0.2464E+03 0.1595E+04 0.1655E+04  0  0  0 0.1855E+04 0.0000E+00
   2.218  1.560 24.800  0.517  0.638 0.1867E+04 0.1824E+04 0.5254E-02 0.3720E+03 0.1452E+04 0.1592E+04  0  0  0 0.1851E+04 0.0000E+00
   2.218  1.660 24.800  0.649  0.679 0.1658E+04 0.1592E+04 0.2039E-02 0.6106E+03 0.9810E+03 0.1107E+04  0  0  0 0.1619E+04 0.0000E+00
   2.218  1.760 24.800  0.838  0.720 0.1739E+04 0.1584E+04 0.4360E-03 0.9802E+03 0.6040E+03 0.6993E+03  0  0  0 0.1625E+04 0.0000E+00
   2.218  1.860 24.800  1.133  0.761 0.1466E+04 0.1209E+04 0.3853E-04 0.9278E+03 0.2810E+03 0.3456E+03  0  0  0 0.1262E+04 0.0000E+00
   2.218  1.960 24.800  1.656  0.802 0.3324E+03 0.2610E+03 0.1015E-05 0.2162E+03 0.4486E+02 0.5908E+02  0  0  0 0.2748E+03 0.0000E+00
   2.218  2.060 24.800  2.842  0.843 0.3844E+02 0.3016E+02 0.6711E-07 0.3016E+02 0.0000E+00 0.0000E+00  0  0  0 0.3176E+02 0.0000E+00
   2.218  1.360 24.900  0.348  0.561 0.1655E+04 0.1760E+04 0.4207E-01 0.1797E+03 0.1580E+04 0.1580E+04  0  0  0 0.1764E+04 0.0000E+00
   2.218  1.460 24.900  0.423  0.602 0.1762E+04 0.1804E+04 0.1156E-01 0.2433E+03 0.1561E+04 0.1622E+04  0  0  0 0.1818E+04 0.0000E+00
   2.218  1.560 24.900  0.521  0.643 0.1821E+04 0.1778E+04 0.4965E-02 0.3677E+03 0.1410E+04 0.1548E+04  0  0  0 0.1804E+04 0.0000E+00
   2.218  1.660 24.900  0.654  0.685 0.1616E+04 0.1550E+04 0.1897E-02 0.6034E+03 0.9468E+03 0.1069E+04  0  0  0 0.1577E+04 0.0000E+00
   2.218  1.760 24.900  0.844  0.726 0.1699E+04 0.1544E+04 0.3946E-03 0.9627E+03 0.5816E+03 0.6744E+03  0  0  0 0.1585E+04 0.0000E+00
   2.218  1.860 24.900  1.142  0.767 0.1397E+04 0.1150E+04 0.3323E-04 0.8854E+03 0.2643E+03 0.3255E+03  0  0  0 0.1200E+04 0.0000E+00
   2.218  1.960 24.900  1.669  0.808 0.3082E+03 0.2420E+03 0.8196E-06 0.2014E+03 0.4060E+02 0.5356E+02  0  0  0 0.2548E+03 0.0000E+00
   2.218  2.060 24.900  2.865  0.849 0.3595E+02 0.2821E+02 0.5367E-07 0.2821E+02 0.0000E+00 0.0000E+00  0  0  0 0.2970E+02 0.0000E+00
   2.218  1.360 25.000  0.351  0.565 0.1624E+04 0.1726E+04 0.3865E-01 0.1771E+03 0.1549E+04 0.1549E+04  0  0  0 0.1730E+04 0.0000E+00
   2.218  1.460 25.000  0.427  0.607 0.1728E+04 0.1767E+04 0.1078E-01 0.2402E+03 0.1527E+04 0.1589E+04  0  0  0 0.1781E+04 0.0000E+00
   2.218  1.560 25.000  0.525  0.648 0.1776E+04 0.1733E+04 0.4694E-02 0.3635E+03 0.1369E+04 0.1504E+04  0  0  0 0.1759E+04 0.0000E+00
   2.218  1.660 25.000  0.659  0.690 0.1574E+04 0.1510E+04 0.1765E-02 0.5962E+03 0.9136E+03 0.1032E+04  0  0  0 0.1536E+04 0.0000E+00
   2.218  1.760 25.000  0.851  0.731 0.1659E+04 0.1505E+04 0.3571E-03 0.9453E+03 0.5595E+03 0.6497E+03  0  0  0 0.1545E+04 0.0000E+00
   2.218  1.860 25.000  1.151  0.773 0.1330E+04 0.1093E+04 0.2861E-04 0.8441E+03 0.2485E+03 0.3064E+03  0  0  0 0.1141E+04 0.0000E+00
   2.218  1.960 25.000  1.683  0.815 0.2857E+03 0.2244E+03 0.6604E-06 0.1876E+03 0.3671E+02 0.4850E+02  0  0  0 0.2362E+03 0.0000E+00
   2.218  2.060 25.000  2.888  0.856 0.3363E+02 0.2640E+02 0.4287E-07 0.2640E+02 0.0000E+00 0.0000E+00  0  0  0 0.2779E+02 0.0000E+00
   2.218  1.360 25.100  0.354  0.570 0.1594E+04 0.1692E+04 0.3552E-01 0.1746E+03 0.1518E+04 0.1520E+04  0  0  0 0.1697E+04 0.0000E+00
   2.218  1.460 25.100  0.430  0.612 0.1695E+04 0.1731E+04 0.1007E-01 0.2371E+03 0.1494E+04 0.1556E+04  0  0  0 0.1745E+04 0.0000E+00
   2.218  1.560 25.100  0.529  0.653 0.1732E+04 0.1689E+04 0.4439E-02 0.3594E+03 0.1329E+04 0.1462E+04  0  0  0 0.1714E+04 0.0000E+00
   2.218  1.660 25.100  0.664  0.695 0.1535E+04 0.1471E+04 0.1641E-02 0.5891E+03 0.8819E+03 0.9964E+03  0  0  0 0.1497E+04 0.0000E+00
   2.218  1.760 25.100  0.858  0.737 0.1621E+04 0.1466E+04 0.3229E-03 0.9279E+03 0.5384E+03 0.6262E+03  0  0  0 0.1506E+04 0.0000E+00
   2.218  1.860 25.100  1.160  0.779 0.1265E+04 0.1037E+04 0.2459E-04 0.8041E+03 0.2333E+03 0.2881E+03  0  0  0 0.1084E+04 0.0000E+00
   2.218  1.960 25.100  1.696  0.821 0.2649E+03 0.2080E+03 0.5310E-06 0.1748E+03 0.3314E+02 0.4387E+02  0  0  0 0.2190E+03 0.0000E+00
   2.218  2.060 25.100  2.910  0.863 0.3146E+02 0.2470E+02 0.3421E-07 0.2470E+02 0.0000E+00 0.0000E+00  0  0  0 0.2600E+02 0.0000E+00
   2.218  1.360 25.200  0.357  0.574 0.1565E+04 0.1660E+04 0.3264E-01 0.1721E+03 0.1488E+04 0.1490E+04  0  0  0 0.1664E+04 0.0000E+00
   2.218  1.460 25.200  0.433  0.616 0.1662E+04 0.1695E+04 0.9421E-02 0.2342E+03 0.1461E+04 0.1524E+04  0  0  0 0.1709E+04 0.0000E+00
   2.218  1.560 25.200  0.533  0.659 0.1689E+04 0.1646E+04 0.4200E-02 0.3553E+03 0.1290E+04 0.1420E+04  0  0  0 0.1671E+04 0.0000E+00
   2.218  1.660 25.200  0.669  0.701 0.1496E+04 0.1433E+04 0.1524E-02 0.5821E+03 0.8509E+03 0.9617E+03  0  0  0 0.1459E+04 0.0000E+00
   2.218  1.760 25.200  0.865  0.743 0.1583E+04 0.1428E+04 0.2919E-03 0.9106E+03 0.5178E+03 0.6032E+03  0  0  0 0.1468E+04 0.0000E+00
   2.218  1.860 25.200  1.169  0.785 0.1202E+04 0.9841E+03 0.2111E-04 0.7652E+03 0.2189E+03 0.2708E+03  0  0  0 0.1028E+04 0.0000E+00
   2.218  1.960 25.200  1.709  0.827 0.2456E+03 0.1928E+03 0.4261E-06 0.1629E+03 0.2988E+02 0.3962E+02  0  0  0 0.2030E+03 0.0000E+00
   2.218  2.060 25.200  2.933  0.870 0.2944E+02 0.2312E+02 0.2728E-07 0.2312E+02 0.0000E+00 0.0000E+00  0  0  0 0.2434E+02 0.0000E+00
   2.218  1.360 25.300  0.359  0.579 0.1536E+04 0.1627E+04 0.3001E-01 0.1697E+03 0.1458E+04 0.1462E+04  0  0  0 0.1632E+04 0.0000E+00
   2.218  1.460 25.300  0.437  0.621 0.1630E+04 0.1660E+04 0.8832E-02 0.2313E+03 0.1429E+04 0.1492E+04  0  0  0 0.1674E+04 0.0000E+00
   2.218  1.560 25.300  0.538  0.664 0.1647E+04 0.1604E+04 0.3974E-02 0.3513E+03 0.1253E+04 0.1380E+04  0  0  0 0.1628E+04 0.0000E+00
   2.218  1.660 25.300  0.675  0.706 0.1459E+04 0.1397E+04 0.1415E-02 0.5751E+03 0.8214E+03 0.9289E+03  0  0  0 0.1422E+04 0.0000E+00
   2.218  1.760 25.300  0.871  0.749 0.1545E+04 0.1391E+04 0.2638E-03 0.8933E+03 0.4976E+03 0.5806E+03  0  0  0 0.1430E+04 0.0000E+00
   2.218  1.860 25.300  1.178  0.791 0.1141E+04 0.9328E+03 0.1808E-04 0.7276E+03 0.2052E+03 0.2542E+03  0  0  0 0.9751E+03 0.0000E+00
   2.218  1.960 25.300  1.723  0.834 0.2277E+03 0.1787E+03 0.3416E-06 0.1518E+03 0.2691E+02 0.3575E+02  0  0  0 0.1882E+03 0.0000E+00
   2.218  2.060 25.300  2.956  0.877 0.2756E+02 0.2164E+02 0.2173E-07 0.2164E+02 0.0000E+00 0.0000E+00  0  0  0 0.2278E+02 0.0000E+00
   2.218  1.360 25.400  0.362  0.583 0.1507E+04 0.1596E+04 0.2761E-01 0.1673E+03 0.1429E+04 0.1434E+04  0  0  0 0.1601E+04 0.0000E+00
   2.218  1.460 25.400  0.440  0.626 0.1598E+04 0.1626E+04 0.8292E-02 0.2284E+03 0.1397E+04 0.1461E+04  0  0  0 0.1640E+04 0.0000E+00
   2.218  1.560 25.400  0.542  0.669 0.1606E+04 0.1563E+04 0.3761E-02 0.3474E+03 0.1215E+04 0.1340E+04  0  0  0 0.1587E+04 0.0000E+00
   2.218  1.660 25.400  0.680  0.712 0.1423E+04 0.1361E+04 0.1313E-02 0.5682E+03 0.7930E+03 0.8970E+03  0  0  0 0.1386E+04 0.0000E+00
   2.218  1.760 25.400  0.878  0.755 0.1508E+04 0.1354E+04 0.2382E-03 0.8760E+03 0.4782E+03 0.5588E+03  0  0  0 0.1393E+04 0.0000E+00
   2.218  1.860 25.400  1.187  0.798 0.1082E+04 0.8834E+03 0.1547E-04 0.6912E+03 0.1922E+03 0.2384E+03  0  0  0 0.9237E+03 0.0000E+00
   2.218  1.960 25.400  1.736  0.840 0.2111E+03 0.1657E+03 0.2736E-06 0.1415E+03 0.2420E+02 0.3221E+02  0  0  0 0.1745E+03 0.0000E+00
   2.218  2.060 25.400  2.979  0.883 0.2580E+02 0.2026E+02 0.1729E-07 0.2026E+02 0.0000E+00 0.0000E+00  0  0  0 0.2133E+02 0.0000E+00
   2.218  1.360 25.500  0.365  0.588 0.1480E+04 0.1565E+04 0.2541E-01 0.1649E+03 0.1400E+04 0.1407E+04  0  0  0 0.1570E+04 0.0000E+00
   2.218  1.460 25.500  0.444  0.631 0.1567E+04 0.1592E+04 0.7799E-02 0.2256E+03 0.1366E+04 0.1431E+04  0  0  0 0.1606E+04 0.0000E+00
   2.218  1.560 25.500  0.546  0.674 0.1565E+04 0.1523E+04 0.3559E-02 0.3435E+03 0.1179E+04 0.1301E+04  0  0  0 0.1546E+04 0.0000E+00
   2.218  1.660 25.500  0.685  0.717 0.1388E+04 0.1327E+04 0.1218E-02 0.5613E+03 0.7652E+03 0.8660E+03  0  0  0 0.1351E+04 0.0000E+00
   2.218  1.760 25.500  0.885  0.761 0.1471E+04 0.1318E+04 0.2150E-03 0.8587E+03 0.4591E+03 0.5373E+03  0  0  0 0.1356E+04 0.0000E+00
   2.218  1.860 25.500  1.196  0.804 0.1025E+04 0.8360E+03 0.1321E-04 0.6561E+03 0.1799E+03 0.2235E+03  0  0  0 0.8743E+03 0.0000E+00
   2.218  1.960 25.500  1.749  0.847 0.1957E+03 0.1536E+03 0.2193E-06 0.1319E+03 0.2174E+02 0.2898E+02  0  0  0 0.1618E+03 0.0000E+00
   2.218  1.360 25.600  0.368  0.592 0.1453E+04 0.1535E+04 0.2340E-01 0.1626E+03 0.1372E+04 0.1380E+04  0  0  0 0.1540E+04 0.0000E+00
   2.218  1.460 25.600  0.447  0.636 0.1537E+04 0.1559E+04 0.7347E-02 0.2229E+03 0.1336E+04 0.1401E+04  0  0  0 0.1573E+04 0.0000E+00
   2.218  1.560 25.600  0.550  0.679 0.1526E+04 0.1483E+04 0.3368E-02 0.3397E+03 0.1144E+04 0.1263E+04  0  0  0 0.1507E+04 0.0000E+00
   2.218  1.660 25.600  0.690  0.723 0.1355E+04 0.1293E+04 0.1129E-02 0.5546E+03 0.7388E+03 0.8365E+03  0  0  0 0.1317E+04 0.0000E+00
   2.218  1.760 25.600  0.892  0.766 0.1435E+04 0.1282E+04 0.1939E-03 0.8414E+03 0.4408E+03 0.5168E+03  0  0  0 0.1320E+04 0.0000E+00
   2.218  1.860 25.600  1.206  0.810 0.9709E+03 0.7904E+03 0.1126E-04 0.6222E+03 0.1682E+03 0.2093E+03  0  0  0 0.8269E+03 0.0000E+00
   2.218  1.960 25.600  1.763  0.854 0.1814E+03 0.1424E+03 0.1762E-06 0.1230E+03 0.1950E+02 0.2604E+02  0  0  0 0.1500E+03 0.0000E+00
   2.218  1.360 25.700  0.371  0.597 0.1426E+04 0.1505E+04 0.2157E-01 0.1604E+03 0.1345E+04 0.1353E+04  0  0  0 0.1511E+04 0.0000E+00
   2.218  1.460 25.700  0.450  0.641 0.1506E+04 0.1526E+04 0.6932E-02 0.2202E+03 0.1306E+04 0.1371E+04  0  0  0 0.1540E+04 0.0000E+00
   2.218  1.560 25.700  0.554  0.685 0.1488E+04 0.1445E+04 0.3187E-02 0.3359E+03 0.1109E+04 0.1226E+04  0  0  0 0.1468E+04 0.0000E+00
   2.218  1.660 25.700  0.696  0.728 0.1322E+04 0.1261E+04 0.1046E-02 0.5479E+03 0.7129E+03 0.8076E+03  0  0  0 0.1284E+04 0.0000E+00
   2.218  1.760 25.700  0.899  0.772 0.1399E+04 0.1247E+04 0.1746E-03 0.8242E+03 0.4230E+03 0.4967E+03  0  0  0 0.1284E+04 0.0000E+00
   2.218  1.860 25.700  1.215  0.816 0.9185E+03 0.7467E+03 0.9578E-05 0.5896E+03 0.1571E+03 0.1957E+03  0  0  0 0.7814E+03 0.0000E+00
   2.218  1.960 25.700  1.776  0.860 0.1682E+03 0.1321E+03 0.1420E-06 0.1146E+03 0.1746E+02 0.2337E+02  0  0  0 0.1391E+03 0.0000E+00
   2.218  1.360 25.800  0.374  0.601 0.1400E+04 0.1476E+04 0.1989E-01 0.1582E+03 0.1318E+04 0.1327E+04  0  0  0 0.1482E+04 0.0000E+00
   2.218  1.460 25.800  0.454  0.646 0.1477E+04 0.1494E+04 0.6550E-02 0.2175E+03 0.1276E+04 0.1342E+04  0  0  0 0.1508E+04 0.0000E+00
   2.218  1.560 25.800  0.559  0.690 0.1450E+04 0.1408E+04 0.3015E-02 0.3322E+03 0.1076E+04 0.1190E+04  0  0  0 0.1430E+04 0.0000E+00
   2.218  1.660 25.800  0.701  0.734 0.1290E+04 0.1230E+04 0.9677E-03 0.5412E+03 0.6883E+03 0.7802E+03  0  0  0 0.1253E+04 0.0000E+00
   2.218  1.760 25.800  0.906  0.778 0.1363E+04 0.1213E+04 0.1552E-03 0.8070E+03 0.4056E+03 0.4770E+03  0  0  0 0.1249E+04 0.0000E+00
   2.218  1.860 25.800  1.224  0.822 0.8682E+03 0.7049E+03 0.8135E-05 0.5583E+03 0.1466E+03 0.1829E+03  0  0  0 0.7378E+03 0.0000E+00
   2.218  1.960 25.800  1.790  0.867 0.1560E+03 0.1225E+03 0.1151E-06 0.1069E+03 0.1561E+02 0.2094E+02  0  0  0 0.1290E+03 0.0000E+00
   2.218  1.360 25.900  0.376  0.606 0.1374E+04 0.1448E+04 0.1836E-01 0.1560E+03 0.1292E+04 0.1302E+04  0  0  0 0.1453E+04 0.0000E+00
   2.218  1.460 25.900  0.457  0.651 0.1447E+04 0.1462E+04 0.6198E-02 0.2149E+03 0.1247E+04 0.1313E+04  0  0  0 0.1477E+04 0.0000E+00
   2.218  1.560 25.900  0.563  0.695 0.1413E+04 0.1372E+04 0.2852E-02 0.3285E+03 0.1043E+04 0.1155E+04  0  0  0 0.1394E+04 0.0000E+00
   2.218  1.660 25.900  0.706  0.740 0.1259E+04 0.1199E+04 0.8951E-03 0.5346E+03 0.6645E+03 0.7536E+03  0  0  0 0.1222E+04 0.0000E+00
   2.218  1.760 25.900  0.912  0.784 0.1328E+04 0.1179E+04 0.1384E-03 0.7898E+03 0.3888E+03 0.4580E+03  0  0  0 0.1215E+04 0.0000E+00
   2.218  1.860 25.900  1.234  0.829 0.8200E+03 0.6650E+03 0.6896E-05 0.5282E+03 0.1368E+03 0.1708E+03  0  0  0 0.6962E+03 0.0000E+00
   2.218  1.960 25.900  1.804  0.873 0.1447E+03 0.1136E+03 0.9413E-07 0.9967E+02 0.1394E+02 0.1874E+02  0  0  0 0.1196E+03 0.0000E+00
   2.218  1.360 26.000  0.379  0.611 0.1349E+04 0.1420E+04 0.1697E-01 0.1539E+03 0.1266E+04 0.1277E+04  0  0  0 0.1426E+04 0.0000E+00
   2.218  1.460 26.000  0.461  0.655 0.1419E+04 0.1432E+04 0.5872E-02 0.2124E+03 0.1219E+04 0.1285E+04  0  0  0 0.1446E+04 0.0000E+00
   2.218  1.560 26.000  0.567  0.700 0.1378E+04 0.1336E+04 0.2697E-02 0.3250E+03 0.1011E+04 0.1120E+04  0  0  0 0.1358E+04 0.0000E+00
   2.218  1.660 26.000  0.712  0.745 0.1229E+04 0.1169E+04 0.8274E-03 0.5280E+03 0.6413E+03 0.7277E+03  0  0  0 0.1192E+04 0.0000E+00
   2.218  1.760 26.000  0.919  0.790 0.1294E+04 0.1145E+04 0.1234E-03 0.7726E+03 0.3725E+03 0.4395E+03  0  0  0 0.1181E+04 0.0000E+00
   2.218  1.860 26.000  1.243  0.835 0.7739E+03 0.6268E+03 0.5836E-05 0.4994E+03 0.1274E+03 0.1594E+03  0  0  0 0.6563E+03 0.0000E+00
   2.218  1.960 26.000  1.817  0.880 0.1342E+03 0.1054E+03 0.7777E-07 0.9295E+02 0.1243E+02 0.1674E+02  0  0  0 0.1110E+03 0.0000E+00
   2.218  1.360 26.100  0.382  0.615 0.1324E+04 0.1393E+04 0.1570E-01 0.1519E+03 0.1241E+04 0.1253E+04  0  0  0 0.1398E+04 0.0000E+00
   2.218  1.460 26.100  0.464  0.660 0.1390E+04 0.1401E+04 0.5570E-02 0.2099E+03 0.1191E+04 0.1257E+04  0  0  0 0.1416E+04 0.0000E+00
   2.218  1.560 26.100  0.571  0.706 0.1342E+04 0.1302E+04 0.2549E-02 0.3214E+03 0.9803E+03 0.1087E+04  0  0  0 0.1323E+04 0.0000E+00
   2.218  1.660 26.100  0.717  0.751 0.1201E+04 0.1141E+04 0.7643E-03 0.5215E+03 0.6192E+03 0.7030E+03  0  0  0 0.1163E+04 0.0000E+00
   2.218  1.760 26.100  0.926  0.796 0.1259E+04 0.1112E+04 0.1099E-03 0.7554E+03 0.3566E+03 0.4214E+03  0  0  0 0.1147E+04 0.0000E+00
   2.218  1.860 26.100  1.252  0.841 0.7298E+03 0.5904E+03 0.4929E-05 0.4718E+03 0.1186E+03 0.1486E+03  0  0  0 0.6183E+03 0.0000E+00
   2.218  1.960 26.100  1.831  0.887 0.1244E+03 0.9777E+02 0.6508E-07 0.8670E+02 0.1106E+02 0.1494E+02  0  0  0 0.1029E+03 0.0000E+00
   2.218  1.360 26.200  0.385  0.620 0.1300E+04 0.1366E+04 0.1454E-01 0.1498E+03 0.1216E+04 0.1229E+04  0  0  0 0.1372E+04 0.0000E+00
   2.218  1.460 26.200  0.468  0.665 0.1362E+04 0.1371E+04 0.5290E-02 0.2074E+03 0.1164E+04 0.1230E+04  0  0  0 0.1386E+04 0.0000E+00
   2.218  1.560 26.200  0.576  0.711 0.1308E+04 0.1268E+04 0.2409E-02 0.3179E+03 0.9502E+03 0.1054E+04  0  0  0 0.1289E+04 0.0000E+00
   2.218  1.660 26.200  0.723  0.757 0.1172E+04 0.1113E+04 0.7056E-03 0.5151E+03 0.5976E+03 0.6789E+03  0  0  0 0.1134E+04 0.0000E+00
   2.218  1.760 26.200  0.933  0.802 0.1226E+04 0.1080E+04 0.9779E-04 0.7383E+03 0.3413E+03 0.4040E+03  0  0  0 0.1114E+04 0.0000E+00
   2.218  1.860 26.200  1.262  0.848 0.6876E+03 0.5557E+03 0.4155E-05 0.4454E+03 0.1103E+03 0.1384E+03  0  0  0 0.5821E+03 0.0000E+00
   2.218  1.960 26.200  1.845  0.893 0.1154E+03 0.9072E+02 0.5526E-07 0.8088E+02 0.9832E+01 0.1330E+02  0  0  0 0.9551E+02 0.0000E+00
   2.218  1.360 26.300  0.388  0.624 0.1277E+04 0.1340E+04 0.1348E-01 0.1478E+03 0.1192E+04 0.1206E+04  0  0  0 0.1346E+04 0.0000E+00
   2.218  1.460 26.300  0.471  0.670 0.1335E+04 0.1342E+04 0.5029E-02 0.2050E+03 0.1137E+04 0.1203E+04  0  0  0 0.1356E+04 0.0000E+00
   2.218  1.560 26.300  0.580  0.716 0.1275E+04 0.1235E+04 0.2275E-02 0.3145E+03 0.9208E+03 0.1022E+04  0  0  0 0.1256E+04 0.0000E+00
   2.218  1.660 26.300  0.728  0.762 0.1145E+04 0.1086E+04 0.6509E-03 0.5087E+03 0.5769E+03 0.6559E+03  0  0  0 0.1107E+04 0.0000E+00
   2.218  1.760 26.300  0.940  0.808 0.1192E+04 0.1047E+04 0.8686E-04 0.7211E+03 0.3263E+03 0.3869E+03  0  0  0 0.1081E+04 0.0000E+00
   2.218  1.860 26.300  1.271  0.854 0.6475E+03 0.5227E+03 0.3495E-05 0.4202E+03 0.1025E+03 0.1287E+03  0  0  0 0.5477E+03 0.0000E+00
   2.218  1.960 26.300  1.859  0.900 0.1071E+03 0.8419E+02 0.4762E-07 0.7547E+02 0.8721E+01 0.1183E+02  0  0  0 0.8863E+02 0.0000E+00
   2.218  1.360 26.400  0.391  0.629 0.1253E+04 0.1314E+04 0.1252E-01 0.1459E+03 0.1168E+04 0.1183E+04  0  0  0 0.1320E+04 0.0000E+00
   2.218  1.460 26.400  0.475  0.675 0.1308E+04 0.1313E+04 0.4786E-02 0.2026E+03 0.1111E+04 0.1177E+04  0  0  0 0.1328E+04 0.0000E+00
   2.218  1.560 26.400  0.584  0.722 0.1243E+04 0.1203E+04 0.2148E-02 0.3111E+03 0.8922E+03 0.9911E+03  0  0  0 0.1223E+04 0.0000E+00
   2.218  1.660 26.400  0.733  0.768 0.1119E+04 0.1059E+04 0.6000E-03 0.5023E+03 0.5570E+03 0.6337E+03  0  0  0 0.1080E+04 0.0000E+00
   2.218  1.760 26.400  0.947  0.814 0.1159E+04 0.1016E+04 0.7704E-04 0.7040E+03 0.3119E+03 0.3705E+03  0  0  0 0.1049E+04 0.0000E+00
   2.218  1.860 26.400  1.281  0.860 0.6092E+03 0.4913E+03 0.2934E-05 0.3962E+03 0.9514E+02 0.1197E+03  0  0  0 0.5149E+03 0.0000E+00
   2.218  1.960 26.400  1.873  0.907 0.9941E+02 0.7815E+02 0.4163E-07 0.7043E+02 0.7721E+01 0.1050E+02  0  0  0 0.8227E+02 0.0000E+00
   2.218  1.360 26.500  0.394  0.634 0.1231E+04 0.1289E+04 0.1164E-01 0.1440E+03 0.1145E+04 0.1160E+04  0  0  0 0.1295E+04 0.0000E+00
   2.218  1.460 26.500  0.478  0.680 0.1281E+04 0.1285E+04 0.4557E-02 0.2003E+03 0.1085E+04 0.1151E+04  0  0  0 0.1299E+04 0.0000E+00
   2.218  1.560 26.500  0.589  0.727 0.1211E+04 0.1172E+04 0.2027E-02 0.3077E+03 0.8644E+03 0.9609E+03  0  0  0 0.1192E+04 0.0000E+00
   2.218  1.660 26.500  0.739  0.774 0.1093E+04 0.1034E+04 0.5527E-03 0.4960E+03 0.5375E+03 0.6120E+03  0  0  0 0.1054E+04 0.0000E+00
   2.218  1.760 26.500  0.954  0.820 0.1126E+04 0.9849E+03 0.6824E-04 0.6869E+03 0.2980E+03 0.3545E+03  0  0  0 0.1018E+04 0.0000E+00
   2.218  1.860 26.500  1.290  0.867 0.5728E+03 0.4615E+03 0.2458E-05 0.3733E+03 0.8822E+02 0.1111E+03  0  0  0 0.4838E+03 0.0000E+00
   2.218  1.960 26.500  1.887  0.913 0.9227E+02 0.7255E+02 0.3686E-07 0.6573E+02 0.6823E+01 0.9303E+01  0  0  0 0.7638E+02 0.0000E+00
   2.218  1.360 26.600  0.397  0.639 0.1208E+04 0.1264E+04 0.1084E-01 0.1421E+03 0.1122E+04 0.1138E+04  0  0  0 0.1270E+04 0.0000E+00
   2.218  1.460 26.600  0.482  0.686 0.1255E+04 0.1257E+04 0.4343E-02 0.1980E+03 0.1059E+04 0.1125E+04  0  0  0 0.1271E+04 0.0000E+00
   2.218  1.560 26.600  0.593  0.732 0.1180E+04 0.1142E+04 0.1912E-02 0.3044E+03 0.8373E+03 0.9314E+03  0  0  0 0.1161E+04 0.0000E+00
   2.218  1.660 26.600  0.744  0.779 0.1068E+04 0.1009E+04 0.5088E-03 0.4897E+03 0.5189E+03 0.5913E+03  0  0  0 0.1029E+04 0.0000E+00
   2.218  1.760 26.600  0.962  0.826 0.1094E+04 0.9543E+03 0.6036E-04 0.6699E+03 0.2844E+03 0.3389E+03  0  0  0 0.9865E+03 0.0000E+00
   2.218  1.860 26.600  1.300  0.873 0.5383E+03 0.4333E+03 0.2054E-05 0.3516E+03 0.8176E+02 0.1031E+03  0  0  0 0.4543E+03 0.0000E+00
   2.218  1.960 26.600  1.901  0.920 0.8566E+02 0.6737E+02 0.3295E-07 0.6136E+02 0.6017E+01 0.8227E+01  0  0  0 0.7092E+02 0.0000E+00
   2.218  1.360 26.700  0.400  0.643 0.1186E+04 0.1240E+04 0.1011E-01 0.1403E+03 0.1099E+04 0.1116E+04  0  0  0 0.1246E+04 0.0000E+00
   2.218  1.460 26.700  0.485  0.691 0.1229E+04 0.1230E+04 0.4142E-02 0.1957E+03 0.1034E+04 0.1100E+04  0  0  0 0.1244E+04 0.0000E+00
   2.218  1.560 26.700  0.598  0.738 0.1150E+04 0.1112E+04 0.1803E-02 0.3012E+03 0.8111E+03 0.9028E+03  0  0  0 0.1131E+04 0.0000E+00
   2.218  1.660 26.700  0.750  0.785 0.1044E+04 0.9842E+03 0.4680E-03 0.4835E+03 0.5007E+03 0.5710E+03  0  0  0 0.1005E+04 0.0000E+00
   2.218  1.760 26.700  0.969  0.832 0.1062E+04 0.9242E+03 0.5331E-04 0.6528E+03 0.2714E+03 0.3239E+03  0  0  0 0.9558E+03 0.0000E+00
   2.218  1.860 26.700  1.310  0.880 0.5055E+03 0.4066E+03 0.1713E-05 0.3309E+03 0.7569E+02 0.9556E+02  0  0  0 0.4263E+03 0.0000E+00
   2.218  1.960 26.700  1.915  0.927 0.7954E+02 0.6258E+02 0.2963E-07 0.5729E+02 0.5294E+01 0.7260E+01  0  0  0 0.6587E+02 0.0000E+00
   2.218  1.360 26.800  0.402  0.648 0.1165E+04 0.1216E+04 0.9441E-02 0.1384E+03 0.1078E+04 0.1095E+04  0  0  0 0.1222E+04 0.0000E+00
   2.218  1.460 26.800  0.489  0.696 0.1204E+04 0.1203E+04 0.3952E-02 0.1935E+03 0.1010E+04 0.1075E+04  0  0  0 0.1217E+04 0.0000E+00
   2.218  1.560 26.800  0.602  0.743 0.1121E+04 0.1084E+04 0.1699E-02 0.2980E+03 0.7856E+03 0.8750E+03  0  0  0 0.1102E+04 0.0000E+00
   2.218  1.660 26.800  0.755  0.791 0.1020E+04 0.9606E+03 0.4302E-03 0.4773E+03 0.4833E+03 0.5517E+03  0  0  0 0.9807E+03 0.0000E+00
   2.218  1.760 26.800  0.976  0.839 0.1030E+04 0.8946E+03 0.4702E-04 0.6359E+03 0.2587E+03 0.3092E+03  0  0  0 0.9255E+03 0.0000E+00
   2.218  1.860 26.800  1.319  0.886 0.4744E+03 0.3813E+03 0.1425E-05 0.3113E+03 0.7000E+02 0.8849E+02  0  0  0 0.3998E+03 0.0000E+00
   2.218  1.960 26.800  1.929  0.934 0.7388E+02 0.5814E+02 0.2667E-07 0.5349E+02 0.4648E+01 0.6393E+01  0  0  0 0.6119E+02 0.0000E+00
   2.218  1.360 26.900  0.405  0.653 0.1143E+04 0.1193E+04 0.8835E-02 0.1367E+03 0.1056E+04 0.1074E+04  0  0  0 0.1199E+04 0.0000E+00
   2.218  1.460 26.900  0.493  0.701 0.1179E+04 0.1177E+04 0.3772E-02 0.1913E+03 0.9856E+03 0.1051E+04  0  0  0 0.1191E+04 0.0000E+00
   2.218  1.560 26.900  0.606  0.749 0.1092E+04 0.1056E+04 0.1600E-02 0.2948E+03 0.7607E+03 0.8478E+03  0  0  0 0.1073E+04 0.0000E+00
   2.218  1.660 26.900  0.761  0.797 0.9971E+03 0.9375E+03 0.3951E-03 0.4711E+03 0.4665E+03 0.5329E+03  0  0  0 0.9574E+03 0.0000E+00
   2.218  1.760 26.900  0.983  0.845 0.9992E+03 0.8654E+03 0.4140E-04 0.6189E+03 0.2465E+03 0.2951E+03  0  0  0 0.8958E+03 0.0000E+00
   2.218  1.860 26.900  1.329  0.893 0.4450E+03 0.3574E+03 0.1182E-05 0.2927E+03 0.6469E+02 0.8188E+02  0  0  0 0.3748E+03 0.0000E+00
   2.218  1.960 26.900  1.943  0.941 0.6863E+02 0.5403E+02 0.2392E-07 0.4996E+02 0.4070E+01 0.5616E+01  0  0  0 0.5686E+02 0.0000E+00
   2.218  1.360 27.000  0.408  0.658 0.1123E+04 0.1170E+04 0.8280E-02 0.1349E+03 0.1035E+04 0.1054E+04  0  0  0 0.1176E+04 0.0000E+00
   2.218  1.460 27.000  0.496  0.706 0.1154E+04 0.1151E+04 0.3602E-02 0.1892E+03 0.9619E+03 0.1027E+04  0  0  0 0.1165E+04 0.0000E+00
   2.218  1.560 27.000  0.611  0.754 0.1065E+04 0.1028E+04 0.1506E-02 0.2917E+03 0.7367E+03 0.8215E+03  0  0  0 0.1046E+04 0.0000E+00
   2.218  1.660 27.000  0.766  0.803 0.9745E+03 0.9150E+03 0.3626E-03 0.4649E+03 0.4501E+03 0.5146E+03  0  0  0 0.9346E+03 0.0000E+00
   2.218  1.760 27.000  0.990  0.851 0.9684E+03 0.8368E+03 0.3641E-04 0.6020E+03 0.2347E+03 0.2815E+03  0  0  0 0.8665E+03 0.0000E+00
   2.218  1.860 27.000  1.339  0.899 0.4172E+03 0.3348E+03 0.9776E-06 0.2751E+03 0.5972E+02 0.7569E+02  0  0  0 0.3512E+03 0.0000E+00
   2.218  1.960 27.000  1.957  0.948 0.6377E+02 0.5022E+02 0.2124E-07 0.4667E+02 0.3554E+01 0.4922E+01  0  0  0 0.5285E+02 0.0000E+00
   2.218  1.360 27.100  0.411  0.662 0.1102E+04 0.1147E+04 0.7774E-02 0.1332E+03 0.1014E+04 0.1034E+04  0  0  0 0.1154E+04 0.0000E+00
   2.218  1.460 27.100  0.500  0.711 0.1130E+04 0.1126E+04 0.3440E-02 0.1871E+03 0.9387E+03 0.1003E+04  0  0  0 0.1140E+04 0.0000E+00
   2.218  1.560 27.100  0.615  0.760 0.1038E+04 0.1002E+04 0.1416E-02 0.2886E+03 0.7132E+03 0.7958E+03  0  0  0 0.1019E+04 0.0000E+00
   2.218  1.660 27.100  0.772  0.808 0.9527E+03 0.8931E+03 0.3325E-03 0.4588E+03 0.4343E+03 0.4971E+03  0  0  0 0.9125E+03 0.0000E+00
   2.218  1.760 27.100  0.997  0.857 0.9379E+03 0.8085E+03 0.3197E-04 0.5852E+03 0.2233E+03 0.2682E+03  0  0  0 0.8376E+03 0.0000E+00
   2.218  1.860 27.100  1.348  0.906 0.3909E+03 0.3135E+03 0.8064E-06 0.2584E+03 0.5507E+02 0.6988E+02  0  0  0 0.3289E+03 0.0000E+00
   2.218  1.960 27.100  1.972  0.955 0.5927E+02 0.4669E+02 0.1857E-07 0.4360E+02 0.3095E+01 0.4302E+01  0  0  0 0.4914E+02 0.0000E+00
   2.218  1.360 27.200  0.414  0.667 0.1082E+04 0.1125E+04 0.7311E-02 0.1316E+03 0.9936E+03 0.1014E+04  0  0  0 0.1132E+04 0.0000E+00
   2.218  1.460 27.200  0.504  0.716 0.1106E+04 0.1101E+04 0.3286E-02 0.1850E+03 0.9159E+03 0.9799E+03  0  0  0 0.1115E+04 0.0000E+00
   2.218  1.560 27.200  0.620  0.765 0.1011E+04 0.9760E+03 0.1331E-02 0.2855E+03 0.6905E+03 0.7710E+03  0  0  0 0.9928E+03 0.0000E+00
   2.218  1.660 27.200  0.778  0.814 0.9312E+03 0.8716E+03 0.3046E-03 0.4527E+03 0.4189E+03 0.4799E+03  0  0  0 0.8908E+03 0.0000E+00
   2.218  1.760 27.200  1.005  0.863 0.9079E+03 0.7808E+03 0.2803E-04 0.5685E+03 0.2124E+03 0.2555E+03  0  0  0 0.8092E+03 0.0000E+00
   2.218  1.860 27.200  1.358  0.912 0.3661E+03 0.2934E+03 0.6631E-06 0.2427E+03 0.5075E+02 0.6448E+02  0  0  0 0.3079E+03 0.0000E+00
   2.218  1.960 27.200  1.986  0.961 0.5511E+02 0.4343E+02 0.1583E-07 0.4074E+02 0.2687E+01 0.3749E+01  0  0  0 0.4570E+02 0.0000E+00
   2.218  1.360 27.300  0.417  0.672 0.1063E+04 0.1104E+04 0.6887E-02 0.1299E+03 0.9736E+03 0.9946E+03  0  0  0 0.1110E+04 0.0000E+00
   2.218  1.460 27.300  0.507  0.721 0.1083E+04 0.1077E+04 0.3140E-02 0.1830E+03 0.8936E+03 0.9572E+03  0  0  0 0.1090E+04 0.0000E+00
   2.218  1.560 27.300  0.624  0.771 0.9860E+03 0.9510E+03 0.1251E-02 0.2825E+03 0.6685E+03 0.7469E+03  0  0  0 0.9674E+03 0.0000E+00
   2.218  1.660 27.300  0.783  0.820 0.9105E+03 0.8508E+03 0.2787E-03 0.4467E+03 0.4042E+03 0.4635E+03  0  0  0 0.8698E+03 0.0000E+00
   2.218  1.760 27.300  1.012  0.870 0.8782E+03 0.7536E+03 0.2453E-04 0.5518E+03 0.2018E+03 0.2431E+03  0  0  0 0.7813E+03 0.0000E+00
   2.218  1.860 27.300  1.368  0.919 0.3427E+03 0.2745E+03 0.5436E-06 0.2278E+03 0.4672E+02 0.5943E+02  0  0  0 0.2881E+03 0.0000E+00
   2.218  1.960 27.300  2.000  0.968 0.5124E+02 0.4040E+02 0.1301E-07 0.3808E+02 0.2324E+01 0.3257E+01  0  0  0 0.4251E+02 0.0000E+00
   2.218  1.360 27.400  0.420  0.677 0.1043E+04 0.1082E+04 0.6499E-02 0.1283E+03 0.9540E+03 0.9756E+03  0  0  0 0.1089E+04 0.0000E+00
   2.218  1.460 27.400  0.511  0.727 0.1060E+04 0.1053E+04 0.3000E-02 0.1810E+03 0.8716E+03 0.9348E+03  0  0  0 0.1066E+04 0.0000E+00
   2.218  1.560 27.400  0.629  0.776 0.9610E+03 0.9265E+03 0.1174E-02 0.2795E+03 0.6470E+03 0.7233E+03  0  0  0 0.9426E+03 0.0000E+00
   2.218  1.660 27.400  0.789  0.826 0.8902E+03 0.8305E+03 0.2534E-03 0.4406E+03 0.3899E+03 0.4476E+03  0  0  0 0.8492E+03 0.0000E+00
   2.218  1.760 27.400  1.019  0.876 0.8489E+03 0.7268E+03 0.2144E-04 0.5353E+03 0.1916E+03 0.2312E+03  0  0  0 0.7538E+03 0.0000E+00
   2.218  1.860 27.400  1.378  0.926 0.3207E+03 0.2567E+03 0.4440E-06 0.2137E+03 0.4297E+02 0.5472E+02  0  0  0 0.2694E+03 0.0000E+00
   2.218  1.960 27.400  2.015  0.975 0.4767E+02 0.3759E+02 0.1009E-07 0.3559E+02 0.2002E+01 0.2819E+01  0  0  0 0.3955E+02 0.0000E+00
   2.218  1.360 27.500  0.423  0.682 0.1024E+04 0.1061E+04 0.6143E-02 0.1267E+03 0.9348E+03 0.9569E+03  0  0  0 0.1068E+04 0.0000E+00
   2.218  1.460 27.500  0.514  0.732 0.1037E+04 0.1029E+04 0.2866E-02 0.1790E+03 0.8500E+03 0.9127E+03  0  0  0 0.1042E+04 0.0000E+00
   2.218  1.560 27.500  0.633  0.782 0.9369E+03 0.9028E+03 0.1101E-02 0.2766E+03 0.6263E+03 0.7005E+03  0  0  0 0.9186E+03 0.0000E+00
   2.218  1.660 27.500  0.795  0.832 0.8702E+03 0.8105E+03 0.2308E-03 0.4346E+03 0.3759E+03 0.4320E+03  0  0  0 0.8290E+03 0.0000E+00
   2.218  1.760 27.500  1.026  0.882 0.8201E+03 0.7006E+03 0.1871E-04 0.5188E+03 0.1818E+03 0.2197E+03  0  0  0 0.7269E+03 0.0000E+00
   2.218  1.860 27.500  1.388  0.932 0.2999E+03 0.2400E+03 0.3614E-06 0.2005E+03 0.3948E+02 0.5034E+02  0  0  0 0.2519E+03 0.0000E+00
   2.218  1.960 27.500  2.029  0.982 0.4435E+02 0.3499E+02 0.7973E-08 0.3328E+02 0.1718E+01 0.2431E+01  0  0  0 0.3682E+02 0.0000E+00
